[debug] [2019-08-22T07:50:58.784Z] ----------------------------------------------------------------------
[debug] [2019-08-22T07:50:58.786Z] Command:       /home/o_alfimov/.nvm/versions/node/v12.4.0/bin/node /home/o_alfimov/.nvm/versions/node/v12.4.0/bin/firebase serve
[debug] [2019-08-22T07:50:58.786Z] CLI Version:   7.2.4
[debug] [2019-08-22T07:50:58.786Z] Platform:      linux
[debug] [2019-08-22T07:50:58.786Z] Node Version:  v12.4.0
[debug] [2019-08-22T07:50:58.786Z] Time:          Thu Aug 22 2019 10:50:58 GMT+0300 (Eastern European Summer Time)
[debug] [2019-08-22T07:50:58.786Z] ----------------------------------------------------------------------
[debug] 
[debug] [2019-08-22T07:50:58.790Z] > command requires scopes: ["email","openid","https://www.googleapis.com/auth/cloudplatformprojects.readonly","https://www.googleapis.com/auth/firebase","https://www.googleapis.com/auth/cloud-platform"]
[debug] [2019-08-22T07:50:58.790Z] > authorizing via signed-in user
[debug] [2019-08-22T07:50:58.790Z] [iam] checking project star-wars-data-search for permissions ["firebase.projects.get"]
[debug] [2019-08-22T07:50:58.792Z] >>> HTTP REQUEST POST https://cloudresourcemanager.googleapis.com/v1/projects/star-wars-data-search:testIamPermissions  

[debug] [2019-08-22T07:50:59.876Z] <<< HTTP RESPONSE 200
[debug] [2019-08-22T07:50:59.883Z] >>> HTTP REQUEST GET https://firebase.googleapis.com/v1beta1/projects/star-wars-data-search  
 
[debug] [2019-08-22T07:51:00.220Z] <<< HTTP RESPONSE 200
[info] 
[info] === Serving from '/home/o_alfimov/project/star-wars-data-search'...
[info] 
[debug] [2019-08-22T07:51:00.223Z] >>> HTTP REQUEST GET https://firebase.googleapis.com/v1beta1/projects/star-wars-data-search/webApps/-/config  
 
[warn] ⚠  Your requested "node" version "8" doesn't match your global version "12"
[info] ✔  functions: Emulator started at http://localhost:5001
[debug] [2019-08-22T07:51:00.901Z] <<< HTTP RESPONSE 200
[info] i  functions: Watching "/home/o_alfimov/project/star-wars-data-search/functions" for Cloud Functions...
[info] ✔  hosting: Local server: http://localhost:5000
[debug] [2019-08-22T07:51:01.095Z] [runtime-status] Functions runtime initialized. {"cwd":"/home/o_alfimov/project/star-wars-data-search/functions","node_version":"12.4.0"}
[debug] [2019-08-22T07:51:01.096Z] [runtime-status] Disabled runtime features: {"functions_config_helper":true,"network_filtering":true,"timeout":true,"memory_limiting":true,"admin_stubs":true} {}
[debug] [2019-08-22T07:51:01.097Z] [runtime-status] Resolved module firebase-admin {"declared":true,"installed":true,"version":"8.4.0","resolution":"/home/o_alfimov/project/star-wars-data-search/functions/node_modules/firebase-admin/lib/index.js"}
[debug] [2019-08-22T07:51:01.097Z] [runtime-status] Resolved module firebase-functions {"declared":true,"installed":true,"version":"3.2.0","resolution":"/home/o_alfimov/project/star-wars-data-search/functions/node_modules/firebase-functions/lib/index.js"}
[debug] [2019-08-22T07:51:01.098Z] [runtime-status] Resolved module firebase-functions {"declared":true,"installed":true,"version":"3.2.0","resolution":"/home/o_alfimov/project/star-wars-data-search/functions/node_modules/firebase-functions/lib/index.js"}
[warn] ⚠  Error: Cannot find module '/home/o_alfimov/project/star-wars-data-search/functions/lib/index.js'. Please verify that the package.json has a valid "main" entry
    at tryPackage (internal/modules/cjs/loader.js:228:19)
    at Function.Module._findPath (internal/modules/cjs/loader.js:365:18)
    at Function.Module._resolveFilename (internal/modules/cjs/loader.js:610:27)
    at Function.Module._load (internal/modules/cjs/loader.js:527:27)
    at Module.require (internal/modules/cjs/loader.js:681:19)
    at require (internal/modules/cjs/helpers.js:16:16)
    at /home/o_alfimov/.nvm/versions/node/v12.4.0/lib/node_modules/firebase-tools/lib/emulator/functionsEmulatorRuntime.js:660:33
    at Generator.next (<anonymous>)
    at fulfilled (/home/o_alfimov/.nvm/versions/node/v12.4.0/lib/node_modules/firebase-tools/lib/emulator/functionsEmulatorRuntime.js:4:58)
    at processTicksAndRejections (internal/process/task_queues.js:89:5)
[warn] ⚠  We were unable to load your functions code. (see above)
   - It appears your code is written in Typescript, which must be compiled before emulation.
   - You may be able to run "npm run build" in your functions directory to resolve this.
